<?xml version="1.0" encoding="UTF-8"?>
<!-- Generated by org.testng.reporters.JUnitReportReporter -->
<testsuite hostname="DESKTOP-Q13OS2E" failures="0" tests="2" name="frame.Testcase" time="123.442" errors="0" timestamp="2022-12-11T22:30:33 IST" skipped="1">
  <testcase classname="frame.Testcase" name="tc2" time="123.442"/>
  <system-out/>
  <testcase classname="frame.Testcase" name="tc1">
    <skipped/>
  </testcase> <!-- tc1 -->
  <system-out/>
</testsuite> <!-- frame.Testcase -->
